Determining if the pthread_create exist failed with the following output:
Change Dir: /home/franchupedu/hrwros_ws/build/urdf_tutorial/CMakeFiles/CMakeTmp

Run Build Command:"/usr/bin/make" "cmTC_9c4eb/fast"
/usr/bin/make -f CMakeFiles/cmTC_9c4eb.dir/build.make CMakeFiles/cmTC_9c4eb.dir/build
make[1]: Entering directory '/home/franchupedu/hrwros_ws/build/urdf_tutorial/CMakeFiles/CMakeTmp'
Building C object CMakeFiles/cmTC_9c4eb.dir/CheckSymbolExists.c.o
/usr/bin/cc    -o CMakeFiles/cmTC_9c4eb.dir/CheckSymbolExists.c.o   -c /home/franchupedu/hrwros_ws/build/urdf_tutorial/CMakeFiles/CMakeTmp/CheckSymbolExists.c
Linking C executable cmTC_9c4eb
/usr/bin/cmake -E cmake_link_script CMakeFiles/cmTC_9c4eb.dir/link.txt --verbose=1
/usr/bin/cc      -rdynamic CMakeFiles/cmTC_9c4eb.dir/CheckSymbolExists.c.o  -o cmTC_9c4eb 
CMakeFiles/cmTC_9c4eb.dir/CheckSymbolExists.c.o: In function `main':
CheckSymbolExists.c:(.text+0x1b): undefined reference to `pthread_create'
collect2: error: ld returned 1 exit status
CMakeFiles/cmTC_9c4eb.dir/build.make:97: recipe for target 'cmTC_9c4eb' failed
make[1]: *** [cmTC_9c4eb] Error 1
make[1]: Leaving directory '/home/franchupedu/hrwros_ws/build/urdf_tutorial/CMakeFiles/CMakeTmp'
Makefile:126: recipe for target 'cmTC_9c4eb/fast' failed
make: *** [cmTC_9c4eb/fast] Error 2

File /home/franchupedu/hrwros_ws/build/urdf_tutorial/CMakeFiles/CMakeTmp/CheckSymbolExists.c:
/* */
#include <pthread.h>

int main(int argc, char** argv)
{
  (void)argv;
#ifndef pthread_create
  return ((int*)(&pthread_create))[argc];
#else
  (void)argc;
  return 0;
#endif
}

Determining if the function pthread_create exists in the pthreads failed with the following output:
Change Dir: /home/franchupedu/hrwros_ws/build/urdf_tutorial/CMakeFiles/CMakeTmp

Run Build Command:"/usr/bin/make" "cmTC_6acdc/fast"
/usr/bin/make -f CMakeFiles/cmTC_6acdc.dir/build.make CMakeFiles/cmTC_6acdc.dir/build
make[1]: Entering directory '/home/franchupedu/hrwros_ws/build/urdf_tutorial/CMakeFiles/CMakeTmp'
Building C object CMakeFiles/cmTC_6acdc.dir/CheckFunctionExists.c.o
/usr/bin/cc   -DCHECK_FUNCTION_EXISTS=pthread_create   -o CMakeFiles/cmTC_6acdc.dir/CheckFunctionExists.c.o   -c /usr/share/cmake-3.10/Modules/CheckFunctionExists.c
Linking C executable cmTC_6acdc
/usr/bin/cmake -E cmake_link_script CMakeFiles/cmTC_6acdc.dir/link.txt --verbose=1
/usr/bin/cc  -DCHECK_FUNCTION_EXISTS=pthread_create    -rdynamic CMakeFiles/cmTC_6acdc.dir/CheckFunctionExists.c.o  -o cmTC_6acdc -lpthreads 
/usr/bin/ld: cannot find -lpthreads
collect2: error: ld returned 1 exit status
CMakeFiles/cmTC_6acdc.dir/build.make:97: recipe for target 'cmTC_6acdc' failed
make[1]: *** [cmTC_6acdc] Error 1
make[1]: Leaving directory '/home/franchupedu/hrwros_ws/build/urdf_tutorial/CMakeFiles/CMakeTmp'
Makefile:126: recipe for target 'cmTC_6acdc/fast' failed
make: *** [cmTC_6acdc/fast] Error 2


