Determining if the pthread_create exist failed with the following output:
Change Dir: /home/franchupedu/hrwros_ws/build/hrwros_week1/CMakeFiles/CMakeTmp

Run Build Command:"/usr/bin/make" "cmTC_f3540/fast"
/usr/bin/make -f CMakeFiles/cmTC_f3540.dir/build.make CMakeFiles/cmTC_f3540.dir/build
make[1]: Entering directory '/home/franchupedu/hrwros_ws/build/hrwros_week1/CMakeFiles/CMakeTmp'
Building C object CMakeFiles/cmTC_f3540.dir/CheckSymbolExists.c.o
/usr/bin/cc    -o CMakeFiles/cmTC_f3540.dir/CheckSymbolExists.c.o   -c /home/franchupedu/hrwros_ws/build/hrwros_week1/CMakeFiles/CMakeTmp/CheckSymbolExists.c
Linking C executable cmTC_f3540
/usr/bin/cmake -E cmake_link_script CMakeFiles/cmTC_f3540.dir/link.txt --verbose=1
/usr/bin/cc      -rdynamic CMakeFiles/cmTC_f3540.dir/CheckSymbolExists.c.o  -o cmTC_f3540 
CMakeFiles/cmTC_f3540.dir/CheckSymbolExists.c.o: In function `main':
CheckSymbolExists.c:(.text+0x1b): undefined reference to `pthread_create'
collect2: error: ld returned 1 exit status
CMakeFiles/cmTC_f3540.dir/build.make:97: recipe for target 'cmTC_f3540' failed
make[1]: *** [cmTC_f3540] Error 1
make[1]: Leaving directory '/home/franchupedu/hrwros_ws/build/hrwros_week1/CMakeFiles/CMakeTmp'
Makefile:126: recipe for target 'cmTC_f3540/fast' failed
make: *** [cmTC_f3540/fast] Error 2

File /home/franchupedu/hrwros_ws/build/hrwros_week1/CMakeFiles/CMakeTmp/CheckSymbolExists.c:
/* */
#include <pthread.h>

int main(int argc, char** argv)
{
  (void)argv;
#ifndef pthread_create
  return ((int*)(&pthread_create))[argc];
#else
  (void)argc;
  return 0;
#endif
}

Determining if the function pthread_create exists in the pthreads failed with the following output:
Change Dir: /home/franchupedu/hrwros_ws/build/hrwros_week1/CMakeFiles/CMakeTmp

Run Build Command:"/usr/bin/make" "cmTC_ab9cc/fast"
/usr/bin/make -f CMakeFiles/cmTC_ab9cc.dir/build.make CMakeFiles/cmTC_ab9cc.dir/build
make[1]: Entering directory '/home/franchupedu/hrwros_ws/build/hrwros_week1/CMakeFiles/CMakeTmp'
Building C object CMakeFiles/cmTC_ab9cc.dir/CheckFunctionExists.c.o
/usr/bin/cc   -DCHECK_FUNCTION_EXISTS=pthread_create   -o CMakeFiles/cmTC_ab9cc.dir/CheckFunctionExists.c.o   -c /usr/share/cmake-3.10/Modules/CheckFunctionExists.c
Linking C executable cmTC_ab9cc
/usr/bin/cmake -E cmake_link_script CMakeFiles/cmTC_ab9cc.dir/link.txt --verbose=1
/usr/bin/cc  -DCHECK_FUNCTION_EXISTS=pthread_create    -rdynamic CMakeFiles/cmTC_ab9cc.dir/CheckFunctionExists.c.o  -o cmTC_ab9cc -lpthreads 
/usr/bin/ld: cannot find -lpthreads
collect2: error: ld returned 1 exit status
CMakeFiles/cmTC_ab9cc.dir/build.make:97: recipe for target 'cmTC_ab9cc' failed
make[1]: *** [cmTC_ab9cc] Error 1
make[1]: Leaving directory '/home/franchupedu/hrwros_ws/build/hrwros_week1/CMakeFiles/CMakeTmp'
Makefile:126: recipe for target 'cmTC_ab9cc/fast' failed
make: *** [cmTC_ab9cc/fast] Error 2


