Determining if the pthread_create exist failed with the following output:
Change Dir: /home/franchupedu/hrwros_ws/build/hrwros_week3/CMakeFiles/CMakeTmp

Run Build Command:"/usr/bin/make" "cmTC_1936f/fast"
/usr/bin/make -f CMakeFiles/cmTC_1936f.dir/build.make CMakeFiles/cmTC_1936f.dir/build
make[1]: Entering directory '/home/franchupedu/hrwros_ws/build/hrwros_week3/CMakeFiles/CMakeTmp'
Building C object CMakeFiles/cmTC_1936f.dir/CheckSymbolExists.c.o
/usr/bin/cc    -o CMakeFiles/cmTC_1936f.dir/CheckSymbolExists.c.o   -c /home/franchupedu/hrwros_ws/build/hrwros_week3/CMakeFiles/CMakeTmp/CheckSymbolExists.c
Linking C executable cmTC_1936f
/usr/bin/cmake -E cmake_link_script CMakeFiles/cmTC_1936f.dir/link.txt --verbose=1
/usr/bin/cc      -rdynamic CMakeFiles/cmTC_1936f.dir/CheckSymbolExists.c.o  -o cmTC_1936f 
CMakeFiles/cmTC_1936f.dir/CheckSymbolExists.c.o: In function `main':
CheckSymbolExists.c:(.text+0x1b): undefined reference to `pthread_create'
collect2: error: ld returned 1 exit status
CMakeFiles/cmTC_1936f.dir/build.make:97: recipe for target 'cmTC_1936f' failed
make[1]: *** [cmTC_1936f] Error 1
make[1]: Leaving directory '/home/franchupedu/hrwros_ws/build/hrwros_week3/CMakeFiles/CMakeTmp'
Makefile:126: recipe for target 'cmTC_1936f/fast' failed
make: *** [cmTC_1936f/fast] Error 2

File /home/franchupedu/hrwros_ws/build/hrwros_week3/CMakeFiles/CMakeTmp/CheckSymbolExists.c:
/* */
#include <pthread.h>

int main(int argc, char** argv)
{
  (void)argv;
#ifndef pthread_create
  return ((int*)(&pthread_create))[argc];
#else
  (void)argc;
  return 0;
#endif
}

Determining if the function pthread_create exists in the pthreads failed with the following output:
Change Dir: /home/franchupedu/hrwros_ws/build/hrwros_week3/CMakeFiles/CMakeTmp

Run Build Command:"/usr/bin/make" "cmTC_0d7bf/fast"
/usr/bin/make -f CMakeFiles/cmTC_0d7bf.dir/build.make CMakeFiles/cmTC_0d7bf.dir/build
make[1]: Entering directory '/home/franchupedu/hrwros_ws/build/hrwros_week3/CMakeFiles/CMakeTmp'
Building C object CMakeFiles/cmTC_0d7bf.dir/CheckFunctionExists.c.o
/usr/bin/cc   -DCHECK_FUNCTION_EXISTS=pthread_create   -o CMakeFiles/cmTC_0d7bf.dir/CheckFunctionExists.c.o   -c /usr/share/cmake-3.10/Modules/CheckFunctionExists.c
Linking C executable cmTC_0d7bf
/usr/bin/cmake -E cmake_link_script CMakeFiles/cmTC_0d7bf.dir/link.txt --verbose=1
/usr/bin/cc  -DCHECK_FUNCTION_EXISTS=pthread_create    -rdynamic CMakeFiles/cmTC_0d7bf.dir/CheckFunctionExists.c.o  -o cmTC_0d7bf -lpthreads 
/usr/bin/ld: cannot find -lpthreads
collect2: error: ld returned 1 exit status
CMakeFiles/cmTC_0d7bf.dir/build.make:97: recipe for target 'cmTC_0d7bf' failed
make[1]: *** [cmTC_0d7bf] Error 1
make[1]: Leaving directory '/home/franchupedu/hrwros_ws/build/hrwros_week3/CMakeFiles/CMakeTmp'
Makefile:126: recipe for target 'cmTC_0d7bf/fast' failed
make: *** [cmTC_0d7bf/fast] Error 2


