Determining if the pthread_create exist failed with the following output:
Change Dir: /home/franchupedu/hrwros_ws/build/hrwros_support/CMakeFiles/CMakeTmp

Run Build Command:"/usr/bin/make" "cmTC_a56d8/fast"
/usr/bin/make -f CMakeFiles/cmTC_a56d8.dir/build.make CMakeFiles/cmTC_a56d8.dir/build
make[1]: Entering directory '/home/franchupedu/hrwros_ws/build/hrwros_support/CMakeFiles/CMakeTmp'
Building C object CMakeFiles/cmTC_a56d8.dir/CheckSymbolExists.c.o
/usr/bin/cc    -o CMakeFiles/cmTC_a56d8.dir/CheckSymbolExists.c.o   -c /home/franchupedu/hrwros_ws/build/hrwros_support/CMakeFiles/CMakeTmp/CheckSymbolExists.c
Linking C executable cmTC_a56d8
/usr/bin/cmake -E cmake_link_script CMakeFiles/cmTC_a56d8.dir/link.txt --verbose=1
/usr/bin/cc      -rdynamic CMakeFiles/cmTC_a56d8.dir/CheckSymbolExists.c.o  -o cmTC_a56d8 
CMakeFiles/cmTC_a56d8.dir/CheckSymbolExists.c.o: In function `main':
CheckSymbolExists.c:(.text+0x1b): undefined reference to `pthread_create'
collect2: error: ld returned 1 exit status
CMakeFiles/cmTC_a56d8.dir/build.make:97: recipe for target 'cmTC_a56d8' failed
make[1]: *** [cmTC_a56d8] Error 1
make[1]: Leaving directory '/home/franchupedu/hrwros_ws/build/hrwros_support/CMakeFiles/CMakeTmp'
Makefile:126: recipe for target 'cmTC_a56d8/fast' failed
make: *** [cmTC_a56d8/fast] Error 2

File /home/franchupedu/hrwros_ws/build/hrwros_support/CMakeFiles/CMakeTmp/CheckSymbolExists.c:
/* */
#include <pthread.h>

int main(int argc, char** argv)
{
  (void)argv;
#ifndef pthread_create
  return ((int*)(&pthread_create))[argc];
#else
  (void)argc;
  return 0;
#endif
}

Determining if the function pthread_create exists in the pthreads failed with the following output:
Change Dir: /home/franchupedu/hrwros_ws/build/hrwros_support/CMakeFiles/CMakeTmp

Run Build Command:"/usr/bin/make" "cmTC_bb30e/fast"
/usr/bin/make -f CMakeFiles/cmTC_bb30e.dir/build.make CMakeFiles/cmTC_bb30e.dir/build
make[1]: Entering directory '/home/franchupedu/hrwros_ws/build/hrwros_support/CMakeFiles/CMakeTmp'
Building C object CMakeFiles/cmTC_bb30e.dir/CheckFunctionExists.c.o
/usr/bin/cc   -DCHECK_FUNCTION_EXISTS=pthread_create   -o CMakeFiles/cmTC_bb30e.dir/CheckFunctionExists.c.o   -c /usr/share/cmake-3.10/Modules/CheckFunctionExists.c
Linking C executable cmTC_bb30e
/usr/bin/cmake -E cmake_link_script CMakeFiles/cmTC_bb30e.dir/link.txt --verbose=1
/usr/bin/cc  -DCHECK_FUNCTION_EXISTS=pthread_create    -rdynamic CMakeFiles/cmTC_bb30e.dir/CheckFunctionExists.c.o  -o cmTC_bb30e -lpthreads 
/usr/bin/ld: cannot find -lpthreads
collect2: error: ld returned 1 exit status
CMakeFiles/cmTC_bb30e.dir/build.make:97: recipe for target 'cmTC_bb30e' failed
make[1]: *** [cmTC_bb30e] Error 1
make[1]: Leaving directory '/home/franchupedu/hrwros_ws/build/hrwros_support/CMakeFiles/CMakeTmp'
Makefile:126: recipe for target 'cmTC_bb30e/fast' failed
make: *** [cmTC_bb30e/fast] Error 2


